<?xml version="1.0" encoding="UTF-8"?>
<testng-results skipped="0" failed="0" total="1" passed="1">
  <reporter-output>
  </reporter-output>
  <suite name="Default suite" duration-ms="67684" started-at="2018-09-15T16:46:23Z" finished-at="2018-09-15T16:47:31Z">
    <groups>
    </groups>
    <test name="Default test" duration-ms="67684" started-at="2018-09-15T16:46:23Z" finished-at="2018-09-15T16:47:31Z">
      <class name="gmailGroup.gmailArtifact.AppTest">
        <test-method status="PASS" signature="setUp()[pri:0, instance:gmailGroup.gmailArtifact.AppTest@58651fd0]" name="setUp" is-config="true" duration-ms="3610" started-at="2018-09-15T22:16:23Z" finished-at="2018-09-15T22:16:27Z">
          <reporter-output>
          </reporter-output>
        </test-method> <!-- setUp -->
        <test-method status="PASS" signature="testSendEmail()[pri:0, instance:gmailGroup.gmailArtifact.AppTest@58651fd0]" name="testSendEmail" duration-ms="63204" started-at="2018-09-15T22:16:27Z" finished-at="2018-09-15T22:17:30Z">
          <reporter-output>
          </reporter-output>
        </test-method> <!-- testSendEmail -->
        <test-method status="PASS" signature="tearDown()[pri:0, instance:gmailGroup.gmailArtifact.AppTest@58651fd0]" name="tearDown" is-config="true" duration-ms="852" started-at="2018-09-15T22:17:30Z" finished-at="2018-09-15T22:17:31Z">
          <reporter-output>
          </reporter-output>
        </test-method> <!-- tearDown -->
      </class> <!-- gmailGroup.gmailArtifact.AppTest -->
    </test> <!-- Default test -->
  </suite> <!-- Default suite -->
</testng-results>
